<?xml version="1.0" encoding="UTF-8"?>
<coverage generated="1694941165399" clover="3.2.0">
  <project timestamp="1694941165399" name="All files">
    <metrics statements="46" coveredstatements="42" conditionals="18" coveredconditionals="17" methods="7" coveredmethods="7" elements="71" coveredelements="66" complexity="0" loc="46" ncloc="46" packages="1" files="2" classes="2"/>
    <file name="convert.js" path="/Users/mariyakashif/VSCode/_nology/morse-translator/scripts/modules/convert.js">
      <metrics statements="22" coveredstatements="22" conditionals="6" coveredconditionals="6" methods="5" coveredmethods="5"/>
      <line num="2" count="3" type="stmt"/>
      <line num="33" count="3" type="stmt"/>
      <line num="34" count="6" type="stmt"/>
      <line num="35" count="6" type="stmt"/>
      <line num="37" count="6" type="stmt"/>
      <line num="38" count="62" type="cond" truecount="2" falsecount="0"/>
      <line num="39" count="53" type="cond" truecount="2" falsecount="0"/>
      <line num="41" count="51" type="stmt"/>
      <line num="44" count="6" type="stmt"/>
      <line num="46" count="6" type="stmt"/>
      <line num="51" count="3" type="stmt"/>
      <line num="52" count="4" type="stmt"/>
      <line num="53" count="4" type="stmt"/>
      <line num="54" count="4" type="stmt"/>
      <line num="56" count="4" type="stmt"/>
      <line num="57" count="21" type="stmt"/>
      <line num="58" count="21" type="cond" truecount="2" falsecount="0"/>
      <line num="59" count="17" type="stmt"/>
      <line num="60" count="274" type="stmt"/>
      <line num="61" count="17" type="stmt"/>
      <line num="64" count="4" type="stmt"/>
      <line num="66" count="4" type="stmt"/>
    </file>
    <file name="validate-input.js" path="/Users/mariyakashif/VSCode/_nology/morse-translator/scripts/modules/validate-input.js">
      <metrics statements="24" coveredstatements="20" conditionals="12" coveredconditionals="11" methods="2" coveredmethods="2"/>
      <line num="6" count="1" type="stmt"/>
      <line num="7" count="5" type="stmt"/>
      <line num="18" count="5" type="cond" truecount="2" falsecount="0"/>
      <line num="19" count="1" type="stmt"/>
      <line num="20" count="4" type="cond" truecount="4" falsecount="0"/>
      <line num="21" count="1" type="stmt"/>
      <line num="23" count="1" type="cond" truecount="1" falsecount="1"/>
      <line num="24" count="1" type="stmt"/>
      <line num="27" count="3" type="stmt"/>
      <line num="29" count="5" type="stmt"/>
      <line num="30" count="5" type="stmt"/>
      <line num="32" count="5" type="stmt"/>
      <line num="35" count="1" type="stmt"/>
      <line num="36" count="5" type="stmt"/>
      <line num="37" count="5" type="stmt"/>
      <line num="40" count="5" type="cond" truecount="2" falsecount="0"/>
      <line num="45" count="4" type="stmt"/>
      <line num="46" count="4" type="stmt"/>
      <line num="47" count="0" type="stmt"/>
      <line num="48" count="0" type="stmt"/>
      <line num="51" count="1" type="stmt"/>
      <line num="52" count="1" type="stmt"/>
      <line num="54" count="0" type="stmt"/>
      <line num="55" count="0" type="stmt"/>
    </file>
  </project>
</coverage>
