<?xml version="1.0" encoding="UTF-8"?>
<coverage generated="1694858333052" clover="3.2.0">
  <project timestamp="1694858333052" name="All files">
    <metrics statements="34" coveredstatements="34" conditionals="17" coveredconditionals="16" methods="7" coveredmethods="7" elements="58" coveredelements="57" complexity="0" loc="34" ncloc="34" packages="2" files="3" classes="3"/>
    <package name="scripts.modules">
      <metrics statements="32" coveredstatements="32" conditionals="17" coveredconditionals="16" methods="6" coveredmethods="6"/>
      <file name="convert.js" path="/Users/mariyakashif/VSCode/_nology/morse-translator/scripts/modules/convert.js">
        <metrics statements="22" coveredstatements="22" conditionals="6" coveredconditionals="6" methods="5" coveredmethods="5"/>
        <line num="2" count="3" type="stmt"/>
        <line num="33" count="3" type="stmt"/>
        <line num="34" count="6" type="stmt"/>
        <line num="35" count="6" type="stmt"/>
        <line num="37" count="6" type="stmt"/>
        <line num="38" count="62" type="cond" truecount="2" falsecount="0"/>
        <line num="39" count="53" type="cond" truecount="2" falsecount="0"/>
        <line num="41" count="51" type="stmt"/>
        <line num="44" count="6" type="stmt"/>
        <line num="46" count="6" type="stmt"/>
        <line num="51" count="3" type="stmt"/>
        <line num="52" count="4" type="stmt"/>
        <line num="53" count="4" type="stmt"/>
        <line num="54" count="4" type="stmt"/>
        <line num="56" count="4" type="stmt"/>
        <line num="57" count="21" type="stmt"/>
        <line num="58" count="21" type="cond" truecount="2" falsecount="0"/>
        <line num="59" count="17" type="stmt"/>
        <line num="60" count="274" type="stmt"/>
        <line num="61" count="17" type="stmt"/>
        <line num="64" count="4" type="stmt"/>
        <line num="66" count="4" type="stmt"/>
      </file>
      <file name="validate-input.js" path="/Users/mariyakashif/VSCode/_nology/morse-translator/scripts/modules/validate-input.js">
        <metrics statements="10" coveredstatements="10" conditionals="11" coveredconditionals="10" methods="1" coveredmethods="1"/>
        <line num="3" count="1" type="stmt"/>
        <line num="4" count="5" type="stmt"/>
        <line num="9" count="5" type="cond" truecount="2" falsecount="0"/>
        <line num="14" count="1" type="stmt"/>
        <line num="15" count="4" type="cond" truecount="4" falsecount="0"/>
        <line num="16" count="1" type="stmt"/>
        <line num="18" count="1" type="cond" truecount="1" falsecount="1"/>
        <line num="19" count="1" type="stmt"/>
        <line num="22" count="3" type="stmt"/>
        <line num="26" count="5" type="stmt"/>
      </file>
    </package>
    <package name="unit-tests">
      <metrics statements="2" coveredstatements="2" conditionals="0" coveredconditionals="0" methods="1" coveredmethods="1"/>
      <file name="sum.js" path="/Users/mariyakashif/VSCode/_nology/morse-translator/unit-tests/sum.js">
        <metrics statements="2" coveredstatements="2" conditionals="0" coveredconditionals="0" methods="1" coveredmethods="1"/>
        <line num="1" count="1" type="stmt"/>
        <line num="2" count="1" type="stmt"/>
      </file>
    </package>
  </project>
</coverage>
