{"/Users/mariyakashif/VSCode/_nology/morse-translator/scripts/modules/convert.js": {"path":"/Users/mariyakashif/VSCode/_nology/morse-translator/scripts/modules/convert.js","statementMap":{"0":{"start":{"line":2,"column":18},"end":{"line":29,"column":1}},"1":{"start":{"line":33,"column":30},"end":{"line":47,"column":1}},"2":{"start":{"line":34,"column":21},"end":{"line":34,"column":54}},"3":{"start":{"line":35,"column":2},"end":{"line":35,"column":32}},"4":{"start":{"line":37,"column":27},"end":{"line":43,"column":4}},"5":{"start":{"line":38,"column":4},"end":{"line":38,"column":34}},"6":{"start":{"line":38,"column":22},"end":{"line":38,"column":34}},"7":{"start":{"line":39,"column":4},"end":{"line":42,"column":5}},"8":{"start":{"line":39,"column":35},"end":{"line":39,"column":42}},"9":{"start":{"line":41,"column":6},"end":{"line":41,"column":35}},"10":{"start":{"line":44,"column":2},"end":{"line":44,"column":36}},"11":{"start":{"line":46,"column":2},"end":{"line":46,"column":42}},"12":{"start":{"line":51,"column":32},"end":{"line":67,"column":1}},"13":{"start":{"line":52,"column":2},"end":{"line":52,"column":53}},"14":{"start":{"line":53,"column":23},"end":{"line":53,"column":43}},"15":{"start":{"line":54,"column":2},"end":{"line":54,"column":29}},"16":{"start":{"line":56,"column":29},"end":{"line":62,"column":4}},"17":{"start":{"line":57,"column":4},"end":{"line":57,"column":26}},"18":{"start":{"line":58,"column":4},"end":{"line":58,"column":33}},"19":{"start":{"line":58,"column":22},"end":{"line":58,"column":33}},"20":{"start":{"line":59,"column":26},"end":{"line":59,"column":48}},"21":{"start":{"line":60,"column":24},"end":{"line":60,"column":76}},"22":{"start":{"line":60,"column":52},"end":{"line":60,"column":75}},"23":{"start":{"line":61,"column":4},"end":{"line":61,"column":23}},"24":{"start":{"line":64,"column":2},"end":{"line":64,"column":34}},"25":{"start":{"line":66,"column":2},"end":{"line":66,"column":37}}},"fnMap":{"0":{"name":"(anonymous_0)","decl":{"start":{"line":33,"column":30},"end":{"line":33,"column":31}},"loc":{"start":{"line":33,"column":45},"end":{"line":47,"column":1}},"line":33},"1":{"name":"(anonymous_1)","decl":{"start":{"line":37,"column":44},"end":{"line":37,"column":45}},"loc":{"start":{"line":37,"column":54},"end":{"line":43,"column":3}},"line":37},"2":{"name":"(anonymous_2)","decl":{"start":{"line":51,"column":32},"end":{"line":51,"column":33}},"loc":{"start":{"line":51,"column":47},"end":{"line":67,"column":1}},"line":51},"3":{"name":"(anonymous_3)","decl":{"start":{"line":56,"column":46},"end":{"line":56,"column":47}},"loc":{"start":{"line":56,"column":56},"end":{"line":62,"column":3}},"line":56},"4":{"name":"(anonymous_4)","decl":{"start":{"line":60,"column":43},"end":{"line":60,"column":44}},"loc":{"start":{"line":60,"column":52},"end":{"line":60,"column":75}},"line":60}},"branchMap":{"0":{"loc":{"start":{"line":38,"column":4},"end":{"line":38,"column":34}},"type":"if","locations":[{"start":{"line":38,"column":4},"end":{"line":38,"column":34}},{"start":{},"end":{}}],"line":38},"1":{"loc":{"start":{"line":39,"column":4},"end":{"line":42,"column":5}},"type":"if","locations":[{"start":{"line":39,"column":4},"end":{"line":42,"column":5}},{"start":{"line":40,"column":9},"end":{"line":42,"column":5}}],"line":39},"2":{"loc":{"start":{"line":58,"column":4},"end":{"line":58,"column":33}},"type":"if","locations":[{"start":{"line":58,"column":4},"end":{"line":58,"column":33}},{"start":{},"end":{}}],"line":58}},"s":{"0":3,"1":3,"2":6,"3":6,"4":6,"5":62,"6":9,"7":53,"8":2,"9":51,"10":6,"11":6,"12":3,"13":4,"14":4,"15":4,"16":4,"17":21,"18":21,"19":4,"20":17,"21":17,"22":274,"23":17,"24":4,"25":4},"f":{"0":6,"1":62,"2":4,"3":21,"4":274},"b":{"0":[9,53],"1":[2,51],"2":[4,17]},"_coverageSchema":"1a1c01bbd47fc00a2c39e90264f33305004495a9","hash":"dc2faccc613a17477386d2548cfdad858ca710e9"}
,"/Users/mariyakashif/VSCode/_nology/morse-translator/scripts/modules/validate-input.js": {"path":"/Users/mariyakashif/VSCode/_nology/morse-translator/scripts/modules/validate-input.js","statementMap":{"0":{"start":{"line":6,"column":29},"end":{"line":33,"column":1}},"1":{"start":{"line":7,"column":2},"end":{"line":7,"column":33}},"2":{"start":{"line":18,"column":2},"end":{"line":28,"column":3}},"3":{"start":{"line":19,"column":4},"end":{"line":19,"column":46}},"4":{"start":{"line":20,"column":9},"end":{"line":28,"column":3}},"5":{"start":{"line":21,"column":4},"end":{"line":21,"column":48}},"6":{"start":{"line":23,"column":4},"end":{"line":25,"column":69}},"7":{"start":{"line":24,"column":6},"end":{"line":25,"column":69}},"8":{"start":{"line":27,"column":4},"end":{"line":27,"column":64}},"9":{"start":{"line":29,"column":2},"end":{"line":29,"column":33}},"10":{"start":{"line":30,"column":2},"end":{"line":30,"column":30}},"11":{"start":{"line":32,"column":2},"end":{"line":32,"column":23}},"12":{"start":{"line":35,"column":21},"end":{"line":61,"column":1}},"13":{"start":{"line":36,"column":25},"end":{"line":36,"column":61}},"14":{"start":{"line":37,"column":26},"end":{"line":37,"column":68}},"15":{"start":{"line":40,"column":2},"end":{"line":57,"column":3}},"16":{"start":{"line":45,"column":4},"end":{"line":49,"column":14}},"17":{"start":{"line":46,"column":6},"end":{"line":46,"column":57}},"18":{"start":{"line":47,"column":6},"end":{"line":47,"column":49}},"19":{"start":{"line":48,"column":6},"end":{"line":48,"column":52}},"20":{"start":{"line":51,"column":4},"end":{"line":56,"column":14}},"21":{"start":{"line":52,"column":6},"end":{"line":52,"column":52}},"22":{"start":{"line":54,"column":6},"end":{"line":54,"column":54}},"23":{"start":{"line":55,"column":6},"end":{"line":55,"column":55}}},"fnMap":{"0":{"name":"(anonymous_0)","decl":{"start":{"line":6,"column":29},"end":{"line":6,"column":30}},"loc":{"start":{"line":6,"column":44},"end":{"line":33,"column":1}},"line":6},"1":{"name":"(anonymous_1)","decl":{"start":{"line":35,"column":21},"end":{"line":35,"column":22}},"loc":{"start":{"line":35,"column":40},"end":{"line":61,"column":1}},"line":35}},"branchMap":{"0":{"loc":{"start":{"line":18,"column":2},"end":{"line":28,"column":3}},"type":"if","locations":[{"start":{"line":18,"column":2},"end":{"line":28,"column":3}},{"start":{"line":20,"column":9},"end":{"line":28,"column":3}}],"line":18},"1":{"loc":{"start":{"line":20,"column":9},"end":{"line":28,"column":3}},"type":"if","locations":[{"start":{"line":20,"column":9},"end":{"line":28,"column":3}},{"start":{"line":26,"column":9},"end":{"line":28,"column":3}}],"line":20},"2":{"loc":{"start":{"line":20,"column":13},"end":{"line":20,"column":74}},"type":"binary-expr","locations":[{"start":{"line":20,"column":13},"end":{"line":20,"column":44}},{"start":{"line":20,"column":48},"end":{"line":20,"column":74}}],"line":20},"3":{"loc":{"start":{"line":23,"column":4},"end":{"line":25,"column":69}},"type":"if","locations":[{"start":{"line":23,"column":4},"end":{"line":25,"column":69}},{"start":{},"end":{}}],"line":23},"4":{"loc":{"start":{"line":40,"column":2},"end":{"line":57,"column":3}},"type":"if","locations":[{"start":{"line":40,"column":2},"end":{"line":57,"column":3}},{"start":{"line":50,"column":9},"end":{"line":57,"column":3}}],"line":40},"5":{"loc":{"start":{"line":41,"column":4},"end":{"line":43,"column":66}},"type":"binary-expr","locations":[{"start":{"line":41,"column":4},"end":{"line":41,"column":65}},{"start":{"line":42,"column":4},"end":{"line":43,"column":66}}],"line":41}},"s":{"0":1,"1":5,"2":5,"3":1,"4":4,"5":1,"6":1,"7":1,"8":3,"9":5,"10":5,"11":5,"12":1,"13":5,"14":5,"15":5,"16":4,"17":4,"18":0,"19":0,"20":1,"21":1,"22":0,"23":0},"f":{"0":5,"1":5},"b":{"0":[1,4],"1":[1,3],"2":[4,1],"3":[1,0],"4":[4,1],"5":[5,2]},"_coverageSchema":"1a1c01bbd47fc00a2c39e90264f33305004495a9","hash":"2dfa81d5e81e0f9365d1be7d4b685ee0d0f034ed"}
}
