TN:
SF:scripts/modules/convert.js
FN:33,(anonymous_0)
FN:37,(anonymous_1)
FN:51,(anonymous_2)
FN:56,(anonymous_3)
FN:60,(anonymous_4)
FNF:5
FNH:5
FNDA:6,(anonymous_0)
FNDA:62,(anonymous_1)
FNDA:4,(anonymous_2)
FNDA:21,(anonymous_3)
FNDA:274,(anonymous_4)
DA:2,3
DA:33,3
DA:34,6
DA:35,6
DA:37,6
DA:38,62
DA:39,53
DA:41,51
DA:44,6
DA:46,6
DA:51,3
DA:52,4
DA:53,4
DA:54,4
DA:56,4
DA:57,21
DA:58,21
DA:59,17
DA:60,274
DA:61,17
DA:64,4
DA:66,4
LF:22
LH:22
BRDA:38,0,0,9
BRDA:38,0,1,53
BRDA:39,1,0,2
BRDA:39,1,1,51
BRDA:58,2,0,4
BRDA:58,2,1,17
BRF:6
BRH:6
end_of_record
TN:
SF:scripts/modules/validate-input.js
FN:3,(anonymous_0)
FNF:1
FNH:1
FNDA:5,(anonymous_0)
DA:3,1
DA:4,5
DA:9,5
DA:14,1
DA:15,4
DA:16,1
DA:18,1
DA:19,1
DA:22,3
DA:26,5
LF:10
LH:10
BRDA:9,0,0,1
BRDA:9,0,1,4
BRDA:10,1,0,5
BRDA:10,1,1,2
BRDA:10,1,2,1
BRDA:15,2,0,1
BRDA:15,2,1,3
BRDA:15,3,0,4
BRDA:15,3,1,2
BRDA:18,4,0,1
BRDA:18,4,1,0
BRF:11
BRH:10
end_of_record
TN:
SF:unit-tests/sum.js
FN:1,(anonymous_0)
FNF:1
FNH:1
FNDA:1,(anonymous_0)
DA:1,1
DA:2,1
LF:2
LH:2
BRF:0
BRH:0
end_of_record
