TN:
SF:scripts/modules/convert.js
FN:33,(anonymous_0)
FN:37,(anonymous_1)
FN:51,(anonymous_2)
FN:56,(anonymous_3)
FN:60,(anonymous_4)
FNF:5
FNH:5
FNDA:6,(anonymous_0)
FNDA:62,(anonymous_1)
FNDA:4,(anonymous_2)
FNDA:21,(anonymous_3)
FNDA:274,(anonymous_4)
DA:2,3
DA:33,3
DA:34,6
DA:35,6
DA:37,6
DA:38,62
DA:39,53
DA:41,51
DA:44,6
DA:46,6
DA:51,3
DA:52,4
DA:53,4
DA:54,4
DA:56,4
DA:57,21
DA:58,21
DA:59,17
DA:60,274
DA:61,17
DA:64,4
DA:66,4
LF:22
LH:22
BRDA:38,0,0,9
BRDA:38,0,1,53
BRDA:39,1,0,2
BRDA:39,1,1,51
BRDA:58,2,0,4
BRDA:58,2,1,17
BRF:6
BRH:6
end_of_record
TN:
SF:scripts/modules/validate-input.js
FN:6,(anonymous_0)
FN:35,(anonymous_1)
FNF:2
FNH:2
FNDA:5,(anonymous_0)
FNDA:5,(anonymous_1)
DA:6,1
DA:7,5
DA:18,5
DA:19,1
DA:20,4
DA:21,1
DA:23,1
DA:24,1
DA:27,3
DA:29,5
DA:30,5
DA:32,5
DA:35,1
DA:36,5
DA:37,5
DA:40,5
DA:45,4
DA:46,4
DA:47,0
DA:48,0
DA:51,1
DA:52,1
DA:54,0
DA:55,0
LF:24
LH:20
BRDA:18,0,0,1
BRDA:18,0,1,4
BRDA:20,1,0,1
BRDA:20,1,1,3
BRDA:20,2,0,4
BRDA:20,2,1,1
BRDA:23,3,0,1
BRDA:23,3,1,0
BRDA:40,4,0,4
BRDA:40,4,1,1
BRDA:41,5,0,5
BRDA:41,5,1,2
BRF:12
BRH:11
end_of_record
